<?xml version="1.0" encoding="UTF-8"?>
<!-- Generated by org.testng.reporters.JUnitReportReporter -->
<testsuite hostname="paras" name="jbk.com.ValidateNavigation" tests="1" failures="0" timestamp="11 May 2019 11:51:27 GMT" time="17.987" errors="0">
  <testcase name="ValidateAppNavigationBar" time="17.987" classname="jbk.com.ValidateNavigation"/>
</testsuite> <!-- jbk.com.ValidateNavigation -->
