<?xml version="1.0" encoding="UTF-8"?>
<!-- Generated by org.testng.reporters.JUnitReportReporter -->
<testsuite hostname="paras" name="jbk.com.ValidateTitle" tests="1" failures="0" timestamp="11 May 2019 11:51:27 GMT" time="31.893" errors="0">
  <testcase name="ValidateAppTitle" time="31.893" classname="jbk.com.ValidateTitle"/>
</testsuite> <!-- jbk.com.ValidateTitle -->
