<?xml version="1.0" encoding="UTF-8"?>
<!-- Generated by org.testng.reporters.JUnitReportReporter -->
<testsuite hostname="paras" name="cucumber.option.TestRunner" tests="1" failures="0" timestamp="18 May 2019 10:39:12 GMT" time="33.116" errors="0">
  <testcase name="feature" time="33.116" classname="cucumber.option.TestRunner"/>
</testsuite> <!-- cucumber.option.TestRunner -->
