<?xml version="1.0" encoding="UTF-8"?>
<!-- Generated by org.testng.reporters.JUnitReportReporter -->
<testsuite hostname="paras" name="jbk.com.HomePage" tests="2" failures="0" timestamp="18 May 2019 08:06:27 GMT" time="88.608" errors="0">
  <testcase name="basePageNavigation" time="40.788" classname="jbk.com.HomePage"/>
  <testcase name="basePageNavigation" time="47.820" classname="jbk.com.HomePage"/>
</testsuite> <!-- jbk.com.HomePage -->
