<?xml version="1.0" encoding="UTF-8"?>
<!-- Generated by org.testng.reporters.JUnitReportReporter -->
<testsuite hostname="paras" name="jbk.com.ValidateNavigation" tests="1" failures="0" timestamp="4 Jul 2019 09:16:07 GMT" time="20.638" errors="0">
  <testcase name="ValidateAppNavigationBar" time="20.638" classname="jbk.com.ValidateNavigation"/>
</testsuite> <!-- jbk.com.ValidateNavigation -->
