<?xml version="1.0" encoding="UTF-8"?>
<!-- Generated by org.testng.reporters.JUnitReportReporter -->
<testsuite hostname="paras" name="jbk.com.ValidateTitle" tests="1" failures="0" timestamp="4 Jul 2019 09:16:07 GMT" time="37.583" errors="0">
  <testcase name="ValidateAppTitle" time="37.583" classname="jbk.com.ValidateTitle"/>
</testsuite> <!-- jbk.com.ValidateTitle -->
