<?xml version="1.0" encoding="UTF-8"?>
<!-- Generated by org.testng.reporters.JUnitReportReporter -->
<testsuite hostname="paras" name="jbk.com.HomePage" tests="2" failures="0" timestamp="4 Jul 2019 09:16:07 GMT" time="61.950" errors="0">
  <testcase name="basePageNavigation" time="25.741" classname="jbk.com.HomePage"/>
  <testcase name="basePageNavigation" time="36.209" classname="jbk.com.HomePage"/>
</testsuite> <!-- jbk.com.HomePage -->
